<?xml version='1.0' encoding='UTF-8'?>
<testsuite hostname="Talehs-MBP.lan" name="PokerGameTest" tests="3" errors="0" failures="0" skipped="0" time="0.032" timestamp="2024-09-03T00:13:40">
          <properties>
[...]
</properties>
          <testcase classname="PokerGameTest" name="Calculating hand Flush" time="0.029">
                      
                    </testcase><testcase classname="PokerGameTest" name="Calculating hand Three of a Kind" time="0.002">
                      
                    </testcase><testcase classname="PokerGameTest" name="Calculating hand Straight" time="0.001">
                      
                    </testcase>
          <system-out><![CDATA[]]></system-out>
          <system-err><![CDATA[]]></system-err>
        </testsuite>